Arguments: 
  C:\Program Files\nodejs\node.exe C:\Program Files\nodejs\node_modules\yarn\bin\yarn.js

PATH: 
  C:\Users\gaven\bin;E:\cmder\bin;E:\cmder\vendor\bin;C:\Program Files\Git\bin;E:\cmder\vendor\git-for-windows\mingw64\bin;E:\cmder\vendor\git-for-windows\usr\local\bin;E:\cmder\vendor\git-for-windows\usr\bin;E:\cmder\vendor\git-for-windows\usr\bin;E:\cmder\vendor\git-for-windows\mingw64\bin;E:\cmder\vendor\git-for-windows\usr\bin;C:\Users\gaven\bin;E:\cmder\vendor\conemu-maximus5\ConEmu\Scripts;E:\cmder\vendor\conemu-maximus5;E:\cmder\vendor\conemu-maximus5\ConEmu;C:\ProgramData\Boxstarter;C:\Windows\system32;C:\Windows;C:\Windows\System32\Wbem;C:\Windows\System32\WindowsPowerShell\v1.0;C:\Program Files (x86)\NVIDIA Corporation\PhysX\Common;C:\Program Files\TortoiseSVN\bin;C:\Users\gaven\AppData\Roaming\npm\yarn;C:\Program Files\Git\cmd;C:\WINDOWS\system32;C:\WINDOWS;C:\WINDOWS\System32\Wbem;C:\WINDOWS\System32\WindowsPowerShell\v1.0;C:\Program Files\Microsoft VS Code\bin;C:\Program Files\Microsoft VS Code Insiders\bin;C:\ProgramData\chocolatey\bin;C:\Program Files\nodejs;C:\Users\gaven\.windows-build-tools\python27;C:\Users\gaven\AppData\Roaming\npm\node_modules\cnpm\node_modules\_npminstall@3.2.1@npminstall\node-gyp-bin;C:\Program Files\nodejs\node_modules\windows-build-tools\node_modules\.bin;C:\Program Files\nodejs\node_modules\windows-build-tools\node_modules\.bin;C:\Windows\system32;C:\Windows;C:\Windows\System32\Wbem;C:\Windows\System32\WindowsPowerShell\v1.0;C:\Program Files (x86)\NVIDIA Corporation\PhysX\Common;C:\Program Files\TortoiseSVN\bin;C:\Program Files\nodejs;C:\Users\gaven\AppData\Roaming\npm\yarn;C:\Program Files\Git\cmd;C:\WINDOWS\system32;C:\WINDOWS;C:\WINDOWS\System32\Wbem;C:\WINDOWS\System32\WindowsPowerShell\v1.0;C:\Program Files\Microsoft VS Code\bin;C:\Program Files\Microsoft VS Code Insiders\bin;E:\cmder;C:\Program Files (x86)\vscode-icon-rotation;C:\Users\gaven\AppData\Local\Microsoft\WindowsApps;C:\Users\gaven\AppData\Local\Programs\Microsoft VS Code\bin;C:\Users\gaven\AppData\Roaming\npm;E:\cmder;E:\cmder\vendor\git-for-windows\usr\bin\vendor_perl;E:\cmder\vendor\git-for-windows\usr\bin\core_perl

Yarn version: 
  1.13.0

Node version: 
  8.12.0

Platform: 
  win32 x64

Trace: 
  Error: http://106.15.91.176:4873/@babel%2fcore: no such package available
      at Request.params.callback [as _callback] (C:\Program Files\nodejs\node_modules\yarn\lib\cli.js:66255:18)
      at Request.self.callback (C:\Program Files\nodejs\node_modules\yarn\lib\cli.js:129397:22)
      at emitTwo (events.js:126:13)
      at Request.emit (events.js:214:7)
      at Request.<anonymous> (C:\Program Files\nodejs\node_modules\yarn\lib\cli.js:130369:10)
      at emitOne (events.js:116:13)
      at Request.emit (events.js:211:7)
      at IncomingMessage.<anonymous> (C:\Program Files\nodejs\node_modules\yarn\lib\cli.js:130291:12)
      at Object.onceWrapper (events.js:313:30)
      at emitNone (events.js:111:20)

npm manifest: 
  {
    "name": "gulp",
    "version": "1.0.0",
    "main": "gulpfile.js",
    "directories": {
      "lib": "lib"
    },
    "repository": {
      "type": "git",
      "url": "git@git.ellabook.cn:front-end/h5-template.git"
    },
    "devDependencies": {
      "@babel/core": "^7.2.2",
      "@babel/preset-env": "^7.2.3",
      "del": "^3.0.0",
      "gulp": "^4.0.0",
      "gulp-autoprefixer": "^6.0.0",
      "gulp-babel": "^8.0.0",
      "gulp-cached": "^1.1.1",
      "gulp-connect": "^5.7.0",
      "gulp-if": "2.0.2",
      "gulp-javascript-obfuscator": "1.1.5",
      "gulp-notify": "^3.2.0",
      "gulp-plumber": "^1.2.1",
      "gulp-rename": "^1.4.0",
      "gulp-sass": "4.0.2",
      "gulp-sourcemaps": "^2.6.4",
      "gulp-uglify": "^3.0.1",
      "gulp-zip": "4.2.0",
      "node-sass": "4.11.0"
    },
    "keywords": [],
    "author": "",
    "license": "ISC",
    "description": ""
  }

yarn manifest: 
  No manifest

Lockfile: 
  No lockfile
